c:\users\염지윤\source\repos\omok\omok\debug\vc142.pdb
c:\users\염지윤\source\repos\omok\omok\debug\vc142.idb
c:\users\염지윤\source\repos\omok\omok\debug\omokdlg.obj
c:\users\염지윤\source\repos\omok\omok\debug\omok.obj
c:\users\염지윤\source\repos\omok\omok\debug\gameover.obj
c:\users\염지윤\source\repos\omok\omok\debug\server.obj
c:\users\염지윤\source\repos\omok\omok\debug\omok.pch
c:\users\염지윤\source\repos\omok\omok\debug\pch.obj
c:\users\염지윤\source\repos\omok\omok\debug\omok.res
c:\users\염지윤\source\repos\omok\omok\debug\omokdlg.obj.enc
c:\users\염지윤\source\repos\omok\debug\omok.pdb
c:\users\염지윤\source\repos\omok\debug\omok.exe
c:\users\염지윤\source\repos\omok\debug\omok.ilk
c:\users\염지윤\source\repos\omok\omok\debug\omok.tlog\cl.command.1.tlog
c:\users\염지윤\source\repos\omok\omok\debug\omok.tlog\cl.read.1.tlog
c:\users\염지윤\source\repos\omok\omok\debug\omok.tlog\cl.write.1.tlog
c:\users\염지윤\source\repos\omok\omok\debug\omok.tlog\link.command.1.tlog
c:\users\염지윤\source\repos\omok\omok\debug\omok.tlog\link.read.1.tlog
c:\users\염지윤\source\repos\omok\omok\debug\omok.tlog\link.write.1.tlog
c:\users\염지윤\source\repos\omok\omok\debug\omok.tlog\rc.command.1.tlog
c:\users\염지윤\source\repos\omok\omok\debug\omok.tlog\rc.read.1.tlog
c:\users\염지윤\source\repos\omok\omok\debug\omok.tlog\rc.write.1.tlog
